{"/Users/doctoey/Desktop/code/tryexercises/react101/11-homework/index.js": {"path":"/Users/doctoey/Desktop/code/tryexercises/react101/11-homework/index.js","statementMap":{"0":{"start":{"line":2,"column":26},"end":{"line":28,"column":7}},"1":{"start":{"line":30,"column":17},"end":{"line":30,"column":19}},"2":{"start":{"line":32,"column":4},"end":{"line":37,"column":5}},"3":{"start":{"line":32,"column":17},"end":{"line":32,"column":18}},"4":{"start":{"line":33,"column":6},"end":{"line":36,"column":7}},"5":{"start":{"line":34,"column":8},"end":{"line":34,"column":43}},"6":{"start":{"line":35,"column":8},"end":{"line":35,"column":38}},"7":{"start":{"line":39,"column":4},"end":{"line":39,"column":18}},"8":{"start":{"line":42,"column":2},"end":{"line":44,"column":4}}},"fnMap":{"0":{"name":"convertToRoman","decl":{"start":{"line":1,"column":9},"end":{"line":1,"column":23}},"loc":{"start":{"line":1,"column":29},"end":{"line":40,"column":3}},"line":1}},"branchMap":{},"s":{"0":25,"1":25,"2":25,"3":25,"4":625,"5":25,"6":25,"7":25,"8":1},"f":{"0":25},"b":{},"_coverageSchema":"1a1c01bbd47fc00a2c39e90264f33305004495a9","hash":"90c2b91b8ec8fe4c1ba1a51eb463beba15356446"}
}
