<?xml version="1.0" encoding="UTF-8"?>
<coverage generated="1746524863179" clover="3.2.0">
  <project timestamp="1746524863179" name="All files">
    <metrics statements="117" coveredstatements="117" conditionals="20" coveredconditionals="19" methods="4" coveredmethods="4" elements="141" coveredelements="140" complexity="0" loc="117" ncloc="117" packages="1" files="1" classes="1"/>
    <file name="RegisterForm.jsx" path="/Users/doctoey/Desktop/code/tryexercises/react-test-app/src/components/RegisterForm.jsx">
      <metrics statements="117" coveredstatements="117" conditionals="20" coveredconditionals="19" methods="4" coveredmethods="4"/>
      <line num="1" count="1" type="stmt"/>
      <line num="2" count="1" type="stmt"/>
      <line num="4" count="27" type="cond" truecount="1" falsecount="0"/>
      <line num="5" count="27" type="stmt"/>
      <line num="6" count="27" type="stmt"/>
      <line num="7" count="27" type="stmt"/>
      <line num="8" count="27" type="stmt"/>
      <line num="9" count="27" type="stmt"/>
      <line num="10" count="27" type="stmt"/>
      <line num="12" count="27" type="cond" truecount="1" falsecount="0"/>
      <line num="13" count="7" type="stmt"/>
      <line num="14" count="7" type="cond" truecount="1" falsecount="0"/>
      <line num="15" count="2" type="stmt"/>
      <line num="16" count="2" type="stmt"/>
      <line num="17" count="7" type="cond" truecount="1" falsecount="0"/>
      <line num="18" count="2" type="stmt"/>
      <line num="19" count="7" type="cond" truecount="2" falsecount="0"/>
      <line num="20" count="1" type="stmt"/>
      <line num="21" count="1" type="stmt"/>
      <line num="22" count="7" type="cond" truecount="1" falsecount="0"/>
      <line num="23" count="1" type="stmt"/>
      <line num="24" count="7" type="cond" truecount="2" falsecount="0"/>
      <line num="25" count="1" type="stmt"/>
      <line num="26" count="1" type="stmt"/>
      <line num="27" count="7" type="stmt"/>
      <line num="28" count="7" type="stmt"/>
      <line num="30" count="27" type="cond" truecount="1" falsecount="0"/>
      <line num="31" count="16" type="stmt"/>
      <line num="32" count="16" type="stmt"/>
      <line num="33" count="16" type="stmt"/>
      <line num="34" count="16" type="stmt"/>
      <line num="35" count="16" type="stmt"/>
      <line num="36" count="16" type="stmt"/>
      <line num="38" count="27" type="cond" truecount="1" falsecount="0"/>
      <line num="39" count="7" type="stmt"/>
      <line num="40" count="7" type="stmt"/>
      <line num="41" count="7" type="cond" truecount="1" falsecount="0"/>
      <line num="42" count="4" type="stmt"/>
      <line num="43" count="4" type="stmt"/>
      <line num="44" count="4" type="stmt"/>
      <line num="45" count="4" type="stmt"/>
      <line num="46" count="4" type="cond" truecount="1" falsecount="0"/>
      <line num="47" count="4" type="cond" truecount="1" falsecount="1"/>
      <line num="49" count="1" type="stmt"/>
      <line num="50" count="4" type="cond" truecount="1" falsecount="0"/>
      <line num="52" count="3" type="stmt"/>
      <line num="53" count="3" type="stmt"/>
      <line num="54" count="3" type="stmt"/>
      <line num="55" count="7" type="cond" truecount="1" falsecount="0"/>
      <line num="56" count="3" type="stmt"/>
      <line num="57" count="3" type="stmt"/>
      <line num="58" count="7" type="stmt"/>
      <line num="60" count="27" type="stmt"/>
      <line num="61" count="27" type="stmt"/>
      <line num="62" count="27" type="stmt"/>
      <line num="63" count="27" type="stmt"/>
      <line num="64" count="27" type="stmt"/>
      <line num="65" count="27" type="stmt"/>
      <line num="66" count="27" type="stmt"/>
      <line num="67" count="27" type="stmt"/>
      <line num="68" count="27" type="stmt"/>
      <line num="70" count="27" type="stmt"/>
      <line num="71" count="27" type="stmt"/>
      <line num="72" count="27" type="stmt"/>
      <line num="73" count="27" type="stmt"/>
      <line num="74" count="27" type="stmt"/>
      <line num="75" count="27" type="stmt"/>
      <line num="76" count="27" type="stmt"/>
      <line num="77" count="27" type="stmt"/>
      <line num="78" count="27" type="stmt"/>
      <line num="79" count="27" type="stmt"/>
      <line num="80" count="27" type="cond" truecount="1" falsecount="0"/>
      <line num="81" count="27" type="stmt"/>
      <line num="82" count="27" type="stmt"/>
      <line num="83" count="27" type="stmt"/>
      <line num="84" count="27" type="stmt"/>
      <line num="85" count="27" type="stmt"/>
      <line num="86" count="27" type="stmt"/>
      <line num="88" count="27" type="stmt"/>
      <line num="89" count="27" type="stmt"/>
      <line num="90" count="27" type="stmt"/>
      <line num="91" count="27" type="stmt"/>
      <line num="92" count="27" type="stmt"/>
      <line num="93" count="27" type="stmt"/>
      <line num="94" count="27" type="stmt"/>
      <line num="95" count="27" type="stmt"/>
      <line num="96" count="27" type="stmt"/>
      <line num="97" count="27" type="stmt"/>
      <line num="98" count="27" type="cond" truecount="1" falsecount="0"/>
      <line num="99" count="3" type="stmt"/>
      <line num="101" count="27" type="stmt"/>
      <line num="102" count="27" type="stmt"/>
      <line num="103" count="27" type="stmt"/>
      <line num="104" count="27" type="stmt"/>
      <line num="105" count="27" type="stmt"/>
      <line num="106" count="27" type="stmt"/>
      <line num="108" count="27" type="stmt"/>
      <line num="109" count="27" type="stmt"/>
      <line num="110" count="27" type="stmt"/>
      <line num="111" count="27" type="stmt"/>
      <line num="112" count="27" type="stmt"/>
      <line num="113" count="27" type="stmt"/>
      <line num="114" count="27" type="stmt"/>
      <line num="115" count="27" type="stmt"/>
      <line num="116" count="27" type="stmt"/>
      <line num="117" count="27" type="stmt"/>
      <line num="118" count="27" type="cond" truecount="1" falsecount="0"/>
      <line num="119" count="2" type="stmt"/>
      <line num="121" count="27" type="stmt"/>
      <line num="124" count="27" type="stmt"/>
      <line num="125" count="27" type="stmt"/>
      <line num="126" count="27" type="stmt"/>
      <line num="127" count="27" type="stmt"/>
      <line num="129" count="27" type="stmt"/>
      <line num="130" count="27" type="stmt"/>
      <line num="131" count="27" type="stmt"/>
      <line num="133" count="27" type="stmt"/>
    </file>
  </project>
</coverage>
