{"/Users/doctoey/Desktop/code/tryexercises/react-test-app/src/App.jsx": {"path":"/Users/doctoey/Desktop/code/tryexercises/react-test-app/src/App.jsx","all":true,"statementMap":{"0":{"start":{"line":1,"column":0},"end":{"line":1,"column":43}},"1":{"start":{"line":2,"column":0},"end":{"line":2,"column":53}},"2":{"start":{"line":3,"column":0},"end":{"line":3,"column":45}},"4":{"start":{"line":5,"column":0},"end":{"line":5,"column":16}},"5":{"start":{"line":6,"column":0},"end":{"line":6,"column":10}},"6":{"start":{"line":7,"column":0},"end":{"line":7,"column":6}},"7":{"start":{"line":8,"column":0},"end":{"line":8,"column":34}},"8":{"start":{"line":9,"column":0},"end":{"line":9,"column":17}},"9":{"start":{"line":10,"column":0},"end":{"line":10,"column":12}},"10":{"start":{"line":11,"column":0},"end":{"line":11,"column":12}},"11":{"start":{"line":12,"column":0},"end":{"line":12,"column":12}},"12":{"start":{"line":13,"column":0},"end":{"line":13,"column":79}},"13":{"start":{"line":14,"column":0},"end":{"line":14,"column":35}},"14":{"start":{"line":15,"column":0},"end":{"line":15,"column":18}},"15":{"start":{"line":16,"column":0},"end":{"line":16,"column":12}},"16":{"start":{"line":17,"column":0},"end":{"line":17,"column":12}},"17":{"start":{"line":18,"column":0},"end":{"line":18,"column":12}},"18":{"start":{"line":19,"column":0},"end":{"line":19,"column":79}},"19":{"start":{"line":20,"column":0},"end":{"line":20,"column":39}},"20":{"start":{"line":21,"column":0},"end":{"line":21,"column":22}},"21":{"start":{"line":22,"column":0},"end":{"line":22,"column":7}},"23":{"start":{"line":24,"column":0},"end":{"line":24,"column":1}},"25":{"start":{"line":26,"column":0},"end":{"line":26,"column":19}}},"s":{"0":0,"1":0,"2":0,"4":0,"5":0,"6":0,"7":0,"8":0,"9":0,"10":0,"11":0,"12":0,"13":0,"14":0,"15":0,"16":0,"17":0,"18":0,"19":0,"20":0,"21":0,"23":0,"25":0},"branchMap":{"0":{"type":"branch","line":1,"loc":{"start":{"line":1,"column":624},"end":{"line":26,"column":19}},"locations":[{"start":{"line":1,"column":624},"end":{"line":26,"column":19}}]}},"b":{"0":[0]},"fnMap":{"0":{"name":"(empty-report)","decl":{"start":{"line":1,"column":624},"end":{"line":26,"column":19}},"loc":{"start":{"line":1,"column":624},"end":{"line":26,"column":19}},"line":1}},"f":{"0":0}}
,"/Users/doctoey/Desktop/code/tryexercises/react-test-app/src/main.jsx": {"path":"/Users/doctoey/Desktop/code/tryexercises/react-test-app/src/main.jsx","all":true,"statementMap":{"0":{"start":{"line":1,"column":0},"end":{"line":1,"column":34}},"1":{"start":{"line":2,"column":0},"end":{"line":2,"column":45}},"2":{"start":{"line":3,"column":0},"end":{"line":3,"column":20}},"3":{"start":{"line":4,"column":0},"end":{"line":4,"column":27}},"5":{"start":{"line":6,"column":0},"end":{"line":6,"column":51}},"6":{"start":{"line":7,"column":0},"end":{"line":7,"column":14}},"7":{"start":{"line":8,"column":0},"end":{"line":8,"column":11}},"8":{"start":{"line":9,"column":0},"end":{"line":9,"column":16}},"9":{"start":{"line":10,"column":0},"end":{"line":10,"column":1}}},"s":{"0":0,"1":0,"2":0,"3":0,"5":0,"6":0,"7":0,"8":0,"9":0},"branchMap":{"0":{"type":"branch","line":1,"loc":{"start":{"line":1,"column":202},"end":{"line":10,"column":-147}},"locations":[{"start":{"line":1,"column":202},"end":{"line":10,"column":-147}}]}},"b":{"0":[0]},"fnMap":{"0":{"name":"(empty-report)","decl":{"start":{"line":1,"column":202},"end":{"line":10,"column":-147}},"loc":{"start":{"line":1,"column":202},"end":{"line":10,"column":-147}},"line":1}},"f":{"0":0}}
,"/Users/doctoey/Desktop/code/tryexercises/react-test-app/src/components/Counter.jsx": {"path":"/Users/doctoey/Desktop/code/tryexercises/react-test-app/src/components/Counter.jsx","all":false,"statementMap":{"0":{"start":{"line":1,"column":0},"end":{"line":1,"column":33}},"2":{"start":{"line":3,"column":0},"end":{"line":3,"column":20}},"3":{"start":{"line":4,"column":0},"end":{"line":4,"column":40}},"5":{"start":{"line":6,"column":0},"end":{"line":6,"column":10}},"6":{"start":{"line":7,"column":0},"end":{"line":7,"column":9}},"7":{"start":{"line":8,"column":0},"end":{"line":8,"column":31}},"8":{"start":{"line":9,"column":0},"end":{"line":9,"column":68}},"9":{"start":{"line":10,"column":0},"end":{"line":10,"column":68}},"10":{"start":{"line":11,"column":0},"end":{"line":11,"column":10}},"12":{"start":{"line":13,"column":0},"end":{"line":13,"column":1}},"14":{"start":{"line":15,"column":0},"end":{"line":15,"column":23}}},"s":{"0":1,"2":5,"3":5,"5":5,"6":5,"7":5,"8":5,"9":5,"10":5,"12":5,"14":1},"branchMap":{"0":{"type":"branch","line":3,"loc":{"start":{"line":3,"column":0},"end":{"line":13,"column":1}},"locations":[{"start":{"line":3,"column":0},"end":{"line":13,"column":1}}]},"1":{"type":"branch","line":9,"loc":{"start":{"line":9,"column":23},"end":{"line":9,"column":50}},"locations":[{"start":{"line":9,"column":23},"end":{"line":9,"column":50}}]},"2":{"type":"branch","line":10,"loc":{"start":{"line":10,"column":23},"end":{"line":10,"column":50}},"locations":[{"start":{"line":10,"column":23},"end":{"line":10,"column":50}}]}},"b":{"0":[5],"1":[1],"2":[1]},"fnMap":{"0":{"name":"Counter","decl":{"start":{"line":3,"column":0},"end":{"line":13,"column":1}},"loc":{"start":{"line":3,"column":0},"end":{"line":13,"column":1}},"line":3},"1":{"name":"onClick","decl":{"start":{"line":9,"column":23},"end":{"line":9,"column":50}},"loc":{"start":{"line":9,"column":23},"end":{"line":9,"column":50}},"line":9},"2":{"name":"onClick","decl":{"start":{"line":10,"column":23},"end":{"line":10,"column":50}},"loc":{"start":{"line":10,"column":23},"end":{"line":10,"column":50}},"line":10}},"f":{"0":5,"1":1,"2":1}}
,"/Users/doctoey/Desktop/code/tryexercises/react-test-app/src/components/RegisterForm.jsx": {"path":"/Users/doctoey/Desktop/code/tryexercises/react-test-app/src/components/RegisterForm.jsx","all":false,"statementMap":{"0":{"start":{"line":1,"column":0},"end":{"line":1,"column":33}},"1":{"start":{"line":2,"column":0},"end":{"line":2,"column":26}},"3":{"start":{"line":4,"column":0},"end":{"line":4,"column":40}},"4":{"start":{"line":5,"column":0},"end":{"line":5,"column":44}},"5":{"start":{"line":6,"column":0},"end":{"line":6,"column":13}},"6":{"start":{"line":7,"column":0},"end":{"line":7,"column":14}},"7":{"start":{"line":8,"column":0},"end":{"line":8,"column":20}},"8":{"start":{"line":9,"column":0},"end":{"line":9,"column":5}},"9":{"start":{"line":10,"column":0},"end":{"line":10,"column":43}},"11":{"start":{"line":12,"column":0},"end":{"line":12,"column":32}},"12":{"start":{"line":13,"column":0},"end":{"line":13,"column":20}},"13":{"start":{"line":14,"column":0},"end":{"line":14,"column":23}},"14":{"start":{"line":15,"column":0},"end":{"line":15,"column":39}},"15":{"start":{"line":16,"column":0},"end":{"line":16,"column":5}},"16":{"start":{"line":17,"column":0},"end":{"line":17,"column":24}},"17":{"start":{"line":18,"column":0},"end":{"line":18,"column":41}},"18":{"start":{"line":19,"column":0},"end":{"line":19,"column":52}},"19":{"start":{"line":20,"column":0},"end":{"line":20,"column":40}},"20":{"start":{"line":21,"column":0},"end":{"line":21,"column":5}},"21":{"start":{"line":22,"column":0},"end":{"line":22,"column":30}},"22":{"start":{"line":23,"column":0},"end":{"line":23,"column":54}},"23":{"start":{"line":24,"column":0},"end":{"line":24,"column":54}},"24":{"start":{"line":25,"column":0},"end":{"line":25,"column":71}},"25":{"start":{"line":26,"column":0},"end":{"line":26,"column":5}},"26":{"start":{"line":27,"column":0},"end":{"line":27,"column":18}},"27":{"start":{"line":28,"column":0},"end":{"line":28,"column":4}},"29":{"start":{"line":30,"column":0},"end":{"line":30,"column":35}},"30":{"start":{"line":31,"column":0},"end":{"line":31,"column":41}},"31":{"start":{"line":32,"column":0},"end":{"line":32,"column":17}},"32":{"start":{"line":33,"column":0},"end":{"line":33,"column":18}},"33":{"start":{"line":34,"column":0},"end":{"line":34,"column":20}},"34":{"start":{"line":35,"column":0},"end":{"line":35,"column":7}},"35":{"start":{"line":36,"column":0},"end":{"line":36,"column":4}},"37":{"start":{"line":38,"column":0},"end":{"line":38,"column":41}},"38":{"start":{"line":39,"column":0},"end":{"line":39,"column":27}},"39":{"start":{"line":40,"column":0},"end":{"line":40,"column":41}},"40":{"start":{"line":41,"column":0},"end":{"line":41,"column":46}},"41":{"start":{"line":42,"column":0},"end":{"line":42,"column":11}},"42":{"start":{"line":43,"column":0},"end":{"line":43,"column":42}},"43":{"start":{"line":44,"column":0},"end":{"line":44,"column":62}},"44":{"start":{"line":45,"column":0},"end":{"line":45,"column":18}},"45":{"start":{"line":46,"column":0},"end":{"line":46,"column":10}},"46":{"start":{"line":47,"column":0},"end":{"line":47,"column":72}},"48":{"start":{"line":49,"column":0},"end":{"line":49,"column":38}},"49":{"start":{"line":50,"column":0},"end":{"line":50,"column":23}},"51":{"start":{"line":52,"column":0},"end":{"line":52,"column":36}},"52":{"start":{"line":53,"column":0},"end":{"line":53,"column":32}},"53":{"start":{"line":54,"column":0},"end":{"line":54,"column":7}},"54":{"start":{"line":55,"column":0},"end":{"line":55,"column":12}},"55":{"start":{"line":56,"column":0},"end":{"line":56,"column":27}},"56":{"start":{"line":57,"column":0},"end":{"line":57,"column":5}},"57":{"start":{"line":58,"column":0},"end":{"line":58,"column":4}},"59":{"start":{"line":60,"column":0},"end":{"line":60,"column":10}},"60":{"start":{"line":61,"column":0},"end":{"line":61,"column":6}},"61":{"start":{"line":62,"column":0},"end":{"line":62,"column":70}},"62":{"start":{"line":63,"column":0},"end":{"line":63,"column":56}},"63":{"start":{"line":64,"column":0},"end":{"line":64,"column":30}},"64":{"start":{"line":65,"column":0},"end":{"line":65,"column":16}},"65":{"start":{"line":66,"column":0},"end":{"line":66,"column":26}},"66":{"start":{"line":67,"column":0},"end":{"line":67,"column":68}},"67":{"start":{"line":68,"column":0},"end":{"line":68,"column":11}},"69":{"start":{"line":70,"column":0},"end":{"line":70,"column":18}},"70":{"start":{"line":71,"column":0},"end":{"line":71,"column":16}},"71":{"start":{"line":72,"column":0},"end":{"line":72,"column":23}},"72":{"start":{"line":73,"column":0},"end":{"line":73,"column":21}},"73":{"start":{"line":74,"column":0},"end":{"line":74,"column":23}},"74":{"start":{"line":75,"column":0},"end":{"line":75,"column":35}},"75":{"start":{"line":76,"column":0},"end":{"line":76,"column":33}},"76":{"start":{"line":77,"column":0},"end":{"line":77,"column":30}},"77":{"start":{"line":78,"column":0},"end":{"line":78,"column":151}},"78":{"start":{"line":79,"column":0},"end":{"line":79,"column":12}},"79":{"start":{"line":80,"column":0},"end":{"line":80,"column":80}},"80":{"start":{"line":81,"column":0},"end":{"line":81,"column":14}},"81":{"start":{"line":82,"column":0},"end":{"line":82,"column":30}},"82":{"start":{"line":83,"column":0},"end":{"line":83,"column":16}},"83":{"start":{"line":84,"column":0},"end":{"line":84,"column":27}},"84":{"start":{"line":85,"column":0},"end":{"line":85,"column":68}},"85":{"start":{"line":86,"column":0},"end":{"line":86,"column":11}},"87":{"start":{"line":88,"column":0},"end":{"line":88,"column":18}},"88":{"start":{"line":89,"column":0},"end":{"line":89,"column":16}},"89":{"start":{"line":90,"column":0},"end":{"line":90,"column":24}},"90":{"start":{"line":91,"column":0},"end":{"line":91,"column":22}},"91":{"start":{"line":92,"column":0},"end":{"line":92,"column":24}},"92":{"start":{"line":93,"column":0},"end":{"line":93,"column":35}},"93":{"start":{"line":94,"column":0},"end":{"line":94,"column":34}},"94":{"start":{"line":95,"column":0},"end":{"line":95,"column":31}},"95":{"start":{"line":96,"column":0},"end":{"line":96,"column":151}},"96":{"start":{"line":97,"column":0},"end":{"line":97,"column":12}},"97":{"start":{"line":98,"column":0},"end":{"line":98,"column":28}},"98":{"start":{"line":99,"column":0},"end":{"line":99,"column":66}},"100":{"start":{"line":101,"column":0},"end":{"line":101,"column":14}},"101":{"start":{"line":102,"column":0},"end":{"line":102,"column":30}},"102":{"start":{"line":103,"column":0},"end":{"line":103,"column":16}},"103":{"start":{"line":104,"column":0},"end":{"line":104,"column":33}},"104":{"start":{"line":105,"column":0},"end":{"line":105,"column":68}},"105":{"start":{"line":106,"column":0},"end":{"line":106,"column":11}},"107":{"start":{"line":108,"column":0},"end":{"line":108,"column":18}},"108":{"start":{"line":109,"column":0},"end":{"line":109,"column":16}},"109":{"start":{"line":110,"column":0},"end":{"line":110,"column":23}},"110":{"start":{"line":111,"column":0},"end":{"line":111,"column":28}},"111":{"start":{"line":112,"column":0},"end":{"line":112,"column":30}},"112":{"start":{"line":113,"column":0},"end":{"line":113,"column":35}},"113":{"start":{"line":114,"column":0},"end":{"line":114,"column":40}},"114":{"start":{"line":115,"column":0},"end":{"line":115,"column":37}},"115":{"start":{"line":116,"column":0},"end":{"line":116,"column":151}},"116":{"start":{"line":117,"column":0},"end":{"line":117,"column":12}},"117":{"start":{"line":118,"column":0},"end":{"line":118,"column":34}},"118":{"start":{"line":119,"column":0},"end":{"line":119,"column":72}},"120":{"start":{"line":121,"column":0},"end":{"line":121,"column":14}},"123":{"start":{"line":124,"column":0},"end":{"line":124,"column":15}},"124":{"start":{"line":125,"column":0},"end":{"line":125,"column":23}},"125":{"start":{"line":126,"column":0},"end":{"line":126,"column":157}},"126":{"start":{"line":127,"column":0},"end":{"line":127,"column":9}},"128":{"start":{"line":129,"column":0},"end":{"line":129,"column":17}},"129":{"start":{"line":130,"column":0},"end":{"line":130,"column":13}},"130":{"start":{"line":131,"column":0},"end":{"line":131,"column":7}},"132":{"start":{"line":133,"column":0},"end":{"line":133,"column":1}}},"s":{"0":1,"1":1,"3":27,"4":27,"5":27,"6":27,"7":27,"8":27,"9":27,"11":27,"12":7,"13":7,"14":2,"15":2,"16":7,"17":2,"18":7,"19":1,"20":1,"21":7,"22":1,"23":7,"24":1,"25":1,"26":7,"27":7,"29":27,"30":16,"31":16,"32":16,"33":16,"34":16,"35":16,"37":27,"38":7,"39":7,"40":7,"41":4,"42":4,"43":4,"44":4,"45":4,"46":4,"48":1,"49":4,"51":3,"52":3,"53":3,"54":7,"55":3,"56":3,"57":7,"59":27,"60":27,"61":27,"62":27,"63":27,"64":27,"65":27,"66":27,"67":27,"69":27,"70":27,"71":27,"72":27,"73":27,"74":27,"75":27,"76":27,"77":27,"78":27,"79":27,"80":27,"81":27,"82":27,"83":27,"84":27,"85":27,"87":27,"88":27,"89":27,"90":27,"91":27,"92":27,"93":27,"94":27,"95":27,"96":27,"97":27,"98":3,"100":27,"101":27,"102":27,"103":27,"104":27,"105":27,"107":27,"108":27,"109":27,"110":27,"111":27,"112":27,"113":27,"114":27,"115":27,"116":27,"117":27,"118":2,"120":27,"123":27,"124":27,"125":27,"126":27,"128":27,"129":27,"130":27,"132":27},"branchMap":{"0":{"type":"branch","line":4,"loc":{"start":{"line":4,"column":0},"end":{"line":133,"column":1}},"locations":[{"start":{"line":4,"column":0},"end":{"line":133,"column":1}}]},"1":{"type":"branch","line":80,"loc":{"start":{"line":80,"column":18},"end":{"line":80,"column":80}},"locations":[{"start":{"line":80,"column":18},"end":{"line":80,"column":80}}]},"2":{"type":"branch","line":98,"loc":{"start":{"line":98,"column":18},"end":{"line":99,"column":66}},"locations":[{"start":{"line":98,"column":18},"end":{"line":99,"column":66}}]},"3":{"type":"branch","line":118,"loc":{"start":{"line":118,"column":18},"end":{"line":119,"column":72}},"locations":[{"start":{"line":118,"column":18},"end":{"line":119,"column":72}}]},"4":{"type":"branch","line":12,"loc":{"start":{"line":12,"column":19},"end":{"line":28,"column":4}},"locations":[{"start":{"line":12,"column":19},"end":{"line":28,"column":4}}]},"5":{"type":"branch","line":14,"loc":{"start":{"line":14,"column":22},"end":{"line":16,"column":5}},"locations":[{"start":{"line":14,"column":22},"end":{"line":16,"column":5}}]},"6":{"type":"branch","line":17,"loc":{"start":{"line":17,"column":23},"end":{"line":19,"column":15}},"locations":[{"start":{"line":17,"column":23},"end":{"line":19,"column":15}}]},"7":{"type":"branch","line":19,"loc":{"start":{"line":19,"column":4},"end":{"line":21,"column":5}},"locations":[{"start":{"line":19,"column":4},"end":{"line":21,"column":5}}]},"8":{"type":"branch","line":19,"loc":{"start":{"line":19,"column":51},"end":{"line":21,"column":5}},"locations":[{"start":{"line":19,"column":51},"end":{"line":21,"column":5}}]},"9":{"type":"branch","line":22,"loc":{"start":{"line":22,"column":29},"end":{"line":24,"column":15}},"locations":[{"start":{"line":22,"column":29},"end":{"line":24,"column":15}}]},"10":{"type":"branch","line":24,"loc":{"start":{"line":24,"column":4},"end":{"line":26,"column":5}},"locations":[{"start":{"line":24,"column":4},"end":{"line":26,"column":5}}]},"11":{"type":"branch","line":24,"loc":{"start":{"line":24,"column":53},"end":{"line":26,"column":5}},"locations":[{"start":{"line":24,"column":53},"end":{"line":26,"column":5}}]},"12":{"type":"branch","line":30,"loc":{"start":{"line":30,"column":23},"end":{"line":36,"column":4}},"locations":[{"start":{"line":30,"column":23},"end":{"line":36,"column":4}}]},"13":{"type":"branch","line":38,"loc":{"start":{"line":38,"column":23},"end":{"line":58,"column":4}},"locations":[{"start":{"line":38,"column":23},"end":{"line":58,"column":4}}]},"14":{"type":"branch","line":41,"loc":{"start":{"line":41,"column":45},"end":{"line":55,"column":11}},"locations":[{"start":{"line":41,"column":45},"end":{"line":55,"column":11}}]},"15":{"type":"branch","line":46,"loc":{"start":{"line":46,"column":8},"end":{"line":47,"column":34}},"locations":[{"start":{"line":46,"column":8},"end":{"line":47,"column":34}}]},"16":{"type":"branch","line":47,"loc":{"start":{"line":47,"column":28},"end":{"line":47,"column":72}},"locations":[{"start":{"line":47,"column":28},"end":{"line":47,"column":72}}]},"17":{"type":"branch","line":47,"loc":{"start":{"line":47,"column":70},"end":{"line":50,"column":15}},"locations":[{"start":{"line":47,"column":70},"end":{"line":50,"column":15}}]},"18":{"type":"branch","line":50,"loc":{"start":{"line":50,"column":6},"end":{"line":54,"column":7}},"locations":[{"start":{"line":50,"column":6},"end":{"line":54,"column":7}}]},"19":{"type":"branch","line":55,"loc":{"start":{"line":55,"column":4},"end":{"line":57,"column":5}},"locations":[{"start":{"line":55,"column":4},"end":{"line":57,"column":5}}]}},"b":{"0":[27],"1":[2],"2":[3],"3":[2],"4":[7],"5":[2],"6":[2],"7":[5],"8":[1],"9":[1],"10":[6],"11":[1],"12":[16],"13":[7],"14":[4],"15":[1],"16":[0],"17":[1],"18":[3],"19":[3]},"fnMap":{"0":{"name":"RegisterForm","decl":{"start":{"line":4,"column":0},"end":{"line":133,"column":1}},"loc":{"start":{"line":4,"column":0},"end":{"line":133,"column":1}},"line":4},"1":{"name":"validate","decl":{"start":{"line":12,"column":19},"end":{"line":28,"column":4}},"loc":{"start":{"line":12,"column":19},"end":{"line":28,"column":4}},"line":12},"2":{"name":"handleChange","decl":{"start":{"line":30,"column":23},"end":{"line":36,"column":4}},"loc":{"start":{"line":30,"column":23},"end":{"line":36,"column":4}},"line":30},"3":{"name":"handleSubmit","decl":{"start":{"line":38,"column":23},"end":{"line":58,"column":4}},"loc":{"start":{"line":38,"column":23},"end":{"line":58,"column":4}},"line":38}},"f":{"0":27,"1":7,"2":16,"3":7}}
,"/Users/doctoey/Desktop/code/tryexercises/react-test-app/src/components/UserList.jsx": {"path":"/Users/doctoey/Desktop/code/tryexercises/react-test-app/src/components/UserList.jsx","all":false,"statementMap":{"0":{"start":{"line":1,"column":0},"end":{"line":1,"column":44}},"1":{"start":{"line":2,"column":0},"end":{"line":2,"column":26}},"3":{"start":{"line":4,"column":0},"end":{"line":4,"column":36}},"4":{"start":{"line":5,"column":0},"end":{"line":5,"column":41}},"5":{"start":{"line":6,"column":0},"end":{"line":6,"column":51}},"7":{"start":{"line":8,"column":0},"end":{"line":8,"column":19}},"8":{"start":{"line":9,"column":0},"end":{"line":9,"column":36}},"9":{"start":{"line":10,"column":0},"end":{"line":10,"column":11}},"10":{"start":{"line":11,"column":0},"end":{"line":11,"column":41}},"11":{"start":{"line":12,"column":0},"end":{"line":12,"column":61}},"12":{"start":{"line":13,"column":0},"end":{"line":13,"column":10}},"13":{"start":{"line":14,"column":0},"end":{"line":14,"column":32}},"14":{"start":{"line":15,"column":0},"end":{"line":15,"column":23}},"15":{"start":{"line":16,"column":0},"end":{"line":16,"column":54}},"16":{"start":{"line":17,"column":0},"end":{"line":17,"column":7}},"17":{"start":{"line":18,"column":0},"end":{"line":18,"column":6}},"19":{"start":{"line":20,"column":0},"end":{"line":20,"column":17}},"20":{"start":{"line":21,"column":0},"end":{"line":21,"column":9}},"22":{"start":{"line":23,"column":0},"end":{"line":23,"column":35}},"23":{"start":{"line":24,"column":0},"end":{"line":24,"column":38}},"24":{"start":{"line":25,"column":0},"end":{"line":25,"column":4}},"26":{"start":{"line":27,"column":0},"end":{"line":27,"column":37}},"27":{"start":{"line":28,"column":0},"end":{"line":28,"column":13}},"28":{"start":{"line":29,"column":0},"end":{"line":29,"column":67}},"29":{"start":{"line":30,"column":0},"end":{"line":30,"column":65}},"30":{"start":{"line":31,"column":0},"end":{"line":31,"column":4}},"32":{"start":{"line":33,"column":0},"end":{"line":33,"column":10}},"33":{"start":{"line":34,"column":0},"end":{"line":34,"column":43}},"34":{"start":{"line":35,"column":0},"end":{"line":35,"column":12}},"35":{"start":{"line":36,"column":0},"end":{"line":36,"column":19}},"36":{"start":{"line":37,"column":0},"end":{"line":37,"column":66}},"37":{"start":{"line":38,"column":0},"end":{"line":38,"column":45}},"38":{"start":{"line":39,"column":0},"end":{"line":39,"column":26}},"39":{"start":{"line":40,"column":0},"end":{"line":40,"column":31}},"40":{"start":{"line":41,"column":0},"end":{"line":41,"column":8}},"42":{"start":{"line":43,"column":0},"end":{"line":43,"column":47}},"43":{"start":{"line":44,"column":0},"end":{"line":44,"column":39}},"44":{"start":{"line":45,"column":0},"end":{"line":45,"column":14}},"45":{"start":{"line":46,"column":0},"end":{"line":46,"column":47}},"46":{"start":{"line":47,"column":0},"end":{"line":47,"column":48}},"47":{"start":{"line":48,"column":0},"end":{"line":48,"column":55}},"48":{"start":{"line":49,"column":0},"end":{"line":49,"column":15}},"49":{"start":{"line":50,"column":0},"end":{"line":50,"column":16}},"50":{"start":{"line":51,"column":0},"end":{"line":51,"column":15}},"51":{"start":{"line":52,"column":0},"end":{"line":52,"column":40}},"52":{"start":{"line":53,"column":0},"end":{"line":53,"column":60}},"53":{"start":{"line":54,"column":0},"end":{"line":54,"column":56}},"54":{"start":{"line":55,"column":0},"end":{"line":55,"column":57}},"55":{"start":{"line":56,"column":0},"end":{"line":56,"column":63}},"56":{"start":{"line":57,"column":0},"end":{"line":57,"column":17}},"57":{"start":{"line":58,"column":0},"end":{"line":58,"column":13}},"58":{"start":{"line":59,"column":0},"end":{"line":59,"column":16}},"59":{"start":{"line":60,"column":0},"end":{"line":60,"column":14}},"60":{"start":{"line":61,"column":0},"end":{"line":61,"column":10}},"62":{"start":{"line":63,"column":0},"end":{"line":63,"column":1}}},"s":{"0":1,"1":1,"3":6,"4":6,"5":6,"7":6,"8":3,"9":3,"10":3,"11":3,"12":3,"13":2,"14":3,"15":1,"16":1,"17":3,"19":3,"20":6,"22":6,"23":1,"24":1,"26":6,"27":6,"28":4,"29":1,"30":6,"32":6,"33":6,"34":6,"35":6,"36":6,"37":6,"38":6,"39":6,"40":6,"42":6,"43":6,"44":6,"45":6,"46":6,"47":6,"48":6,"49":6,"50":6,"51":6,"52":3,"53":3,"54":3,"55":3,"56":3,"57":6,"58":6,"59":6,"60":6,"62":6},"branchMap":{"0":{"type":"branch","line":4,"loc":{"start":{"line":4,"column":0},"end":{"line":63,"column":1}},"locations":[{"start":{"line":4,"column":0},"end":{"line":63,"column":1}}]},"1":{"type":"branch","line":8,"loc":{"start":{"line":8,"column":12},"end":{"line":21,"column":5}},"locations":[{"start":{"line":8,"column":12},"end":{"line":21,"column":5}}]},"2":{"type":"branch","line":9,"loc":{"start":{"line":9,"column":23},"end":{"line":18,"column":6}},"locations":[{"start":{"line":9,"column":23},"end":{"line":18,"column":6}}]},"3":{"type":"branch","line":13,"loc":{"start":{"line":13,"column":8},"end":{"line":15,"column":15}},"locations":[{"start":{"line":13,"column":8},"end":{"line":15,"column":15}}]},"4":{"type":"branch","line":15,"loc":{"start":{"line":15,"column":6},"end":{"line":17,"column":7}},"locations":[{"start":{"line":15,"column":6},"end":{"line":17,"column":7}}]},"5":{"type":"branch","line":23,"loc":{"start":{"line":23,"column":23},"end":{"line":25,"column":4}},"locations":[{"start":{"line":23,"column":23},"end":{"line":25,"column":4}}]},"6":{"type":"branch","line":28,"loc":{"start":{"line":28,"column":4},"end":{"line":30,"column":65}},"locations":[{"start":{"line":28,"column":4},"end":{"line":30,"column":65}}]},"7":{"type":"branch","line":29,"loc":{"start":{"line":29,"column":63},"end":{"line":30,"column":65}},"locations":[{"start":{"line":29,"column":63},"end":{"line":30,"column":65}}]},"8":{"type":"branch","line":52,"loc":{"start":{"line":52,"column":29},"end":{"line":57,"column":17}},"locations":[{"start":{"line":52,"column":29},"end":{"line":57,"column":17}}]}},"b":{"0":[6],"1":[3],"2":[3],"3":[2],"4":[1],"5":[1],"6":[4],"7":[1],"8":[3]},"fnMap":{"0":{"name":"UserList","decl":{"start":{"line":4,"column":0},"end":{"line":63,"column":1}},"loc":{"start":{"line":4,"column":0},"end":{"line":63,"column":1}},"line":4},"1":{"name":"fetchUsers","decl":{"start":{"line":9,"column":23},"end":{"line":18,"column":6}},"loc":{"start":{"line":9,"column":23},"end":{"line":18,"column":6}},"line":9},"2":{"name":"handleSearch","decl":{"start":{"line":23,"column":23},"end":{"line":25,"column":4}},"loc":{"start":{"line":23,"column":23},"end":{"line":25,"column":4}},"line":23}},"f":{"0":6,"1":3,"2":1}}
}
