{"/Users/doctoey/Desktop/code/tryexercises/vite-vitest-demo/src/components/TodoList.tsx": {"path":"/Users/doctoey/Desktop/code/tryexercises/vite-vitest-demo/src/components/TodoList.tsx","all":false,"statementMap":{"0":{"start":{"line":1,"column":0},"end":{"line":1,"column":33}},"2":{"start":{"line":3,"column":0},"end":{"line":3,"column":28}},"3":{"start":{"line":4,"column":0},"end":{"line":4,"column":51}},"4":{"start":{"line":5,"column":0},"end":{"line":5,"column":41}},"6":{"start":{"line":7,"column":0},"end":{"line":7,"column":25}},"7":{"start":{"line":8,"column":0},"end":{"line":8,"column":23}},"8":{"start":{"line":9,"column":0},"end":{"line":9,"column":34}},"9":{"start":{"line":10,"column":0},"end":{"line":10,"column":19}},"10":{"start":{"line":11,"column":0},"end":{"line":11,"column":5}},"11":{"start":{"line":12,"column":0},"end":{"line":12,"column":4}},"13":{"start":{"line":14,"column":0},"end":{"line":14,"column":10}},"14":{"start":{"line":15,"column":0},"end":{"line":15,"column":9}},"15":{"start":{"line":16,"column":0},"end":{"line":16,"column":12}},"16":{"start":{"line":17,"column":0},"end":{"line":17,"column":21}},"17":{"start":{"line":18,"column":0},"end":{"line":18,"column":50}},"18":{"start":{"line":19,"column":0},"end":{"line":19,"column":30}},"19":{"start":{"line":20,"column":0},"end":{"line":20,"column":8}},"20":{"start":{"line":21,"column":0},"end":{"line":21,"column":44}},"21":{"start":{"line":22,"column":0},"end":{"line":22,"column":10}},"22":{"start":{"line":23,"column":0},"end":{"line":23,"column":33}},"23":{"start":{"line":24,"column":0},"end":{"line":24,"column":46}},"24":{"start":{"line":25,"column":0},"end":{"line":25,"column":18}},"25":{"start":{"line":26,"column":0},"end":{"line":26,"column":15}},"26":{"start":{"line":27,"column":0},"end":{"line":27,"column":11}},"27":{"start":{"line":28,"column":0},"end":{"line":28,"column":11}},"28":{"start":{"line":29,"column":0},"end":{"line":29,"column":10}},"30":{"start":{"line":31,"column":0},"end":{"line":31,"column":1}}},"s":{"0":1,"2":1,"3":16,"4":16,"6":16,"7":6,"8":5,"9":5,"10":5,"11":6,"13":16,"14":16,"15":16,"16":16,"17":16,"18":16,"19":16,"20":16,"21":16,"22":16,"23":11,"24":11,"25":11,"26":16,"27":16,"28":16,"30":16},"branchMap":{"0":{"type":"branch","line":3,"loc":{"start":{"line":3,"column":7},"end":{"line":31,"column":1}},"locations":[{"start":{"line":3,"column":7},"end":{"line":31,"column":1}}]},"1":{"type":"branch","line":7,"loc":{"start":{"line":7,"column":18},"end":{"line":12,"column":4}},"locations":[{"start":{"line":7,"column":18},"end":{"line":12,"column":4}}]},"2":{"type":"branch","line":8,"loc":{"start":{"line":8,"column":22},"end":{"line":11,"column":5}},"locations":[{"start":{"line":8,"column":22},"end":{"line":11,"column":5}}]},"3":{"type":"branch","line":18,"loc":{"start":{"line":18,"column":18},"end":{"line":18,"column":50}},"locations":[{"start":{"line":18,"column":18},"end":{"line":18,"column":50}}]},"4":{"type":"branch","line":23,"loc":{"start":{"line":23,"column":19},"end":{"line":26,"column":15}},"locations":[{"start":{"line":23,"column":19},"end":{"line":26,"column":15}}]}},"b":{"0":[16],"1":[6],"2":[5],"3":[6],"4":[11]},"fnMap":{"0":{"name":"TodoList","decl":{"start":{"line":3,"column":7},"end":{"line":31,"column":1}},"loc":{"start":{"line":3,"column":7},"end":{"line":31,"column":1}},"line":3},"1":{"name":"addItem","decl":{"start":{"line":7,"column":18},"end":{"line":12,"column":4}},"loc":{"start":{"line":7,"column":18},"end":{"line":12,"column":4}},"line":7},"2":{"name":"onChange","decl":{"start":{"line":18,"column":18},"end":{"line":18,"column":50}},"loc":{"start":{"line":18,"column":18},"end":{"line":18,"column":50}},"line":18}},"f":{"0":16,"1":6,"2":6}}
}
