{"/Users/doctoey/Desktop/code/test-component-gun-ter/src/intro-to-component-testing/index.tsx": {"path":"/Users/doctoey/Desktop/code/test-component-gun-ter/src/intro-to-component-testing/index.tsx","statementMap":{"0":{"start":{"line":5,"column":39},"end":{"line":93,"column":1}},"1":{"start":{"line":6,"column":30},"end":{"line":6,"column":42}},"2":{"start":{"line":7,"column":34},"end":{"line":7,"column":46}},"3":{"start":{"line":8,"column":40},"end":{"line":8,"column":52}},"4":{"start":{"line":9,"column":36},"end":{"line":9,"column":48}},"5":{"start":{"line":11,"column":36},"end":{"line":11,"column":50}},"6":{"start":{"line":13,"column":18},"end":{"line":26,"column":3}},"7":{"start":{"line":14,"column":4},"end":{"line":25,"column":5}},"8":{"start":{"line":15,"column":23},"end":{"line":15,"column":93}},"9":{"start":{"line":16,"column":6},"end":{"line":16,"column":32}},"10":{"start":{"line":17,"column":6},"end":{"line":17,"column":34}},"11":{"start":{"line":19,"column":6},"end":{"line":19,"column":26}},"12":{"start":{"line":22,"column":6},"end":{"line":22,"column":51}},"13":{"start":{"line":23,"column":6},"end":{"line":23,"column":26}},"14":{"start":{"line":28,"column":2},"end":{"line":30,"column":18}},"15":{"start":{"line":29,"column":4},"end":{"line":29,"column":14}},"16":{"start":{"line":32,"column":23},"end":{"line":47,"column":3}},"17":{"start":{"line":33,"column":4},"end":{"line":33,"column":23}},"18":{"start":{"line":35,"column":19},"end":{"line":40,"column":5}},"19":{"start":{"line":42,"column":4},"end":{"line":42,"column":41}},"20":{"start":{"line":44,"column":4},"end":{"line":44,"column":18}},"21":{"start":{"line":45,"column":4},"end":{"line":45,"column":20}},"22":{"start":{"line":46,"column":4},"end":{"line":46,"column":23}},"23":{"start":{"line":48,"column":2},"end":{"line":92,"column":3}},"24":{"start":{"line":56,"column":87},"end":{"line":56,"column":112}},"25":{"start":{"line":59,"column":85},"end":{"line":59,"column":112}},"26":{"start":{"line":62,"column":88},"end":{"line":62,"column":118}},"27":{"start":{"line":79,"column":16},"end":{"line":85,"column":21}}},"fnMap":{"0":{"name":"(anonymous_0)","decl":{"start":{"line":5,"column":39},"end":{"line":5,"column":40}},"loc":{"start":{"line":5,"column":45},"end":{"line":93,"column":1}},"line":5},"1":{"name":"(anonymous_1)","decl":{"start":{"line":13,"column":18},"end":{"line":13,"column":19}},"loc":{"start":{"line":13,"column":30},"end":{"line":26,"column":3}},"line":13},"2":{"name":"(anonymous_2)","decl":{"start":{"line":28,"column":12},"end":{"line":28,"column":13}},"loc":{"start":{"line":28,"column":18},"end":{"line":30,"column":3}},"line":28},"3":{"name":"(anonymous_3)","decl":{"start":{"line":32,"column":23},"end":{"line":32,"column":24}},"loc":{"start":{"line":32,"column":30},"end":{"line":47,"column":3}},"line":32},"4":{"name":"(anonymous_4)","decl":{"start":{"line":56,"column":80},"end":{"line":56,"column":81}},"loc":{"start":{"line":56,"column":87},"end":{"line":56,"column":112}},"line":56},"5":{"name":"(anonymous_5)","decl":{"start":{"line":59,"column":78},"end":{"line":59,"column":79}},"loc":{"start":{"line":59,"column":85},"end":{"line":59,"column":112}},"line":59},"6":{"name":"(anonymous_6)","decl":{"start":{"line":62,"column":81},"end":{"line":62,"column":82}},"loc":{"start":{"line":62,"column":88},"end":{"line":62,"column":118}},"line":62},"7":{"name":"(anonymous_7)","decl":{"start":{"line":78,"column":29},"end":{"line":78,"column":30}},"loc":{"start":{"line":79,"column":16},"end":{"line":85,"column":21}},"line":79}},"branchMap":{"0":{"loc":{"start":{"line":50,"column":7},"end":{"line":90,"column":7}},"type":"cond-expr","locations":[{"start":{"line":51,"column":8},"end":{"line":51,"column":25}},{"start":{"line":53,"column":8},"end":{"line":89,"column":25}}],"line":50}},"s":{"0":1,"1":2,"2":2,"3":2,"4":2,"5":2,"6":2,"7":2,"8":2,"9":2,"10":2,"11":2,"12":0,"13":0,"14":2,"15":2,"16":2,"17":0,"18":0,"19":0,"20":0,"21":0,"22":0,"23":2,"24":0,"25":0,"26":0,"27":1},"f":{"0":2,"1":2,"2":2,"3":0,"4":0,"5":0,"6":0,"7":1},"b":{"0":[1,1]},"_coverageSchema":"1a1c01bbd47fc00a2c39e90264f33305004495a9","hash":"20d6c8ccf54e222c36e603634c1b38d53f9d39e2"}
}
